{"uuid":"8b160695-e996-4a05-b897-dc1e322dbf91","historyId":"ddc461adf4d9c858761f210db2313aa9","fullName":"Add_To_Cart_Test.Add_To_Cart","labels":[{"name":"package","value":"Add_To_Cart_Test"},{"name":"testClass","value":"Add_To_Cart_Test"},{"name":"testMethod","value":"Add_To_Cart"},{"name":"parentSuite","value":"Default Suite"},{"name":"suite","value":"AXIS Task"},{"name":"subSuite","value":"Add_To_Cart_Test"},{"name":"host","value":"DESKTOP-D2EHA6V"},{"name":"thread","value":"27136@DESKTOP-D2EHA6V.main(1)"},{"name":"framework","value":"testng"},{"name":"language","value":"java"},{"name":"epic","value":"Login"},{"name":"owner","value":"Mahmoud"}],"links":[{"name":"https://team-1591718611727.atlassian.net/jira/software/c/projects/TM/boards/33","type":"tms"}],"name":"Add_To_Cart","status":"broken","statusDetails":{"known":false,"muted":false,"flaky":false,"message":"Error reading JSON field 'Add_To_Cart.Alert' from file: Assertions_Locators","trace":"java.lang.RuntimeException: Error reading JSON field 'Add_To_Cart.Alert' from file: Assertions_Locators\r\n\tat Utilities.Json_Data.Get_json_Data(Json_Data.java:31)\r\n\tat Add_To_Cart_Test.Add_To_Cart(Add_To_Cart_Test.java:25)\r\n\tat java.base/jdk.internal.reflect.DirectMethodHandleAccessor.invoke(DirectMethodHandleAccessor.java:103)\r\n\tat java.base/java.lang.reflect.Method.invoke(Method.java:580)\r\n\tat org.testng.internal.invokers.MethodInvocationHelper.invokeMethod(MethodInvocationHelper.java:141)\r\n\tat org.testng.internal.invokers.TestInvoker.invokeMethod(TestInvoker.java:687)\r\n\tat org.testng.internal.invokers.TestInvoker.invokeTestMethod(TestInvoker.java:230)\r\n\tat org.testng.internal.invokers.MethodRunner.runInSequence(MethodRunner.java:63)\r\n\tat org.testng.internal.invokers.TestInvoker$MethodInvocationAgent.invoke(TestInvoker.java:995)\r\n\tat org.testng.internal.invokers.TestInvoker.invokeTestMethods(TestInvoker.java:203)\r\n\tat org.testng.internal.invokers.TestMethodWorker.invokeTestMethods(TestMethodWorker.java:154)\r\n\tat org.testng.internal.invokers.TestMethodWorker.run(TestMethodWorker.java:134)\r\n\tat java.base/java.util.ArrayList.forEach(ArrayList.java:1597)\r\n\tat org.testng.TestRunner.privateRun(TestRunner.java:741)\r\n\tat org.testng.TestRunner.run(TestRunner.java:616)\r\n\tat org.testng.SuiteRunner.runTest(SuiteRunner.java:421)\r\n\tat org.testng.SuiteRunner.runSequentially(SuiteRunner.java:413)\r\n\tat org.testng.SuiteRunner.privateRun(SuiteRunner.java:373)\r\n\tat org.testng.SuiteRunner.run(SuiteRunner.java:312)\r\n\tat org.testng.SuiteRunnerWorker.runSuite(SuiteRunnerWorker.java:52)\r\n\tat org.testng.SuiteRunnerWorker.run(SuiteRunnerWorker.java:95)\r\n\tat org.testng.TestNG.runSuitesSequentially(TestNG.java:1274)\r\n\tat org.testng.TestNG.runSuitesLocally(TestNG.java:1208)\r\n\tat org.testng.TestNG.runSuites(TestNG.java:1112)\r\n\tat org.testng.TestNG.run(TestNG.java:1079)\r\n\tat com.intellij.rt.testng.IDEARemoteTestNG.run(IDEARemoteTestNG.java:65)\r\n\tat com.intellij.rt.testng.RemoteTestNGStarter.main(RemoteTestNGStarter.java:105)\r\nCaused by: java.lang.RuntimeException: Field not found: Add_To_Cart.Alert\r\n\tat Utilities.Json_Data.Get_json_Data(Json_Data.java:25)\r\n\t... 26 more\r\n"},"stage":"finished","description":"Valid Login","steps":[],"attachments":[],"parameters":[],"start":1763143588220,"stop":1763143601177}