{"uuid":"b38bb6c0-a83a-49fd-886f-19a2000a2228","historyId":"616ea59eef0ef28009748ba20dc1782b","fullName":"Add_To_Cart_FLow_Test.Hover_Accessories_Category","labels":[{"name":"package","value":"Add_To_Cart_FLow_Test"},{"name":"testClass","value":"Add_To_Cart_FLow_Test"},{"name":"testMethod","value":"Hover_Accessories_Category"},{"name":"parentSuite","value":"Default Suite"},{"name":"suite","value":"AXIS Task"},{"name":"subSuite","value":"Add_To_Cart_FLow_Test"},{"name":"host","value":"DESKTOP-D2EHA6V"},{"name":"thread","value":"8244@DESKTOP-D2EHA6V.main(1)"},{"name":"framework","value":"testng"},{"name":"language","value":"java"},{"name":"owner","value":"Omar"},{"name":"epic","value":"Add to cart"}],"links":[{"name":"https://omarradwanpop.atlassian.net/projects/SCRUM?selectedItem=com.atlassian.plugins.atlassian-connect-plugin%3Acom.thed.zephyr.je__main-project-page&atlOrigin=eyJpIjoiMTQ3ODcxNTdlOGFlNGZlMDg4MmE0NTI5NGIwMDQyYjciLCJwIjoiaiJ9#!/v2/testCase/SCRUM-T6","type":"tms"}],"name":"Hover_Accessories_Category","status":"broken","statusDetails":{"known":false,"muted":false,"flaky":false,"message":"Error reading JSON field 'Accessories_Subcategory' from file: Assertions_Locators","trace":"java.lang.RuntimeException: Error reading JSON field 'Accessories_Subcategory' from file: Assertions_Locators\r\n\tat Utilities.Json_Data.Get_json_Data(Json_Data.java:31)\r\n\tat Add_To_Cart_FLow_Test.Hover_Accessories_Category(Add_To_Cart_FLow_Test.java:25)\r\n\tat java.base/jdk.internal.reflect.DirectMethodHandleAccessor.invoke(DirectMethodHandleAccessor.java:103)\r\n\tat java.base/java.lang.reflect.Method.invoke(Method.java:580)\r\n\tat org.testng.internal.invokers.MethodInvocationHelper.invokeMethod(MethodInvocationHelper.java:141)\r\n\tat org.testng.internal.invokers.TestInvoker.invokeMethod(TestInvoker.java:687)\r\n\tat org.testng.internal.invokers.TestInvoker.invokeTestMethod(TestInvoker.java:230)\r\n\tat org.testng.internal.invokers.MethodRunner.runInSequence(MethodRunner.java:63)\r\n\tat org.testng.internal.invokers.TestInvoker$MethodInvocationAgent.invoke(TestInvoker.java:995)\r\n\tat org.testng.internal.invokers.TestInvoker.invokeTestMethods(TestInvoker.java:203)\r\n\tat org.testng.internal.invokers.TestMethodWorker.invokeTestMethods(TestMethodWorker.java:154)\r\n\tat org.testng.internal.invokers.TestMethodWorker.run(TestMethodWorker.java:134)\r\n\tat java.base/java.util.ArrayList.forEach(ArrayList.java:1597)\r\n\tat org.testng.TestRunner.privateRun(TestRunner.java:741)\r\n\tat org.testng.TestRunner.run(TestRunner.java:616)\r\n\tat org.testng.SuiteRunner.runTest(SuiteRunner.java:421)\r\n\tat org.testng.SuiteRunner.runSequentially(SuiteRunner.java:413)\r\n\tat org.testng.SuiteRunner.privateRun(SuiteRunner.java:373)\r\n\tat org.testng.SuiteRunner.run(SuiteRunner.java:312)\r\n\tat org.testng.SuiteRunnerWorker.runSuite(SuiteRunnerWorker.java:52)\r\n\tat org.testng.SuiteRunnerWorker.run(SuiteRunnerWorker.java:95)\r\n\tat org.testng.TestNG.runSuitesSequentially(TestNG.java:1274)\r\n\tat org.testng.TestNG.runSuitesLocally(TestNG.java:1208)\r\n\tat org.testng.TestNG.runSuites(TestNG.java:1112)\r\n\tat org.testng.TestNG.run(TestNG.java:1079)\r\n\tat com.intellij.rt.testng.IDEARemoteTestNG.run(IDEARemoteTestNG.java:65)\r\n\tat com.intellij.rt.testng.RemoteTestNGStarter.main(RemoteTestNGStarter.java:105)\r\nCaused by: java.lang.RuntimeException: Field not found: Accessories_Subcategory\r\n\tat Utilities.Json_Data.Get_json_Data(Json_Data.java:25)\r\n\t... 26 more\r\n"},"stage":"finished","description":"User can add product to cart","steps":[],"attachments":[],"parameters":[],"start":1763209739050,"stop":1763209743195}