{"uuid":"f730e27b-30eb-42d5-8aa4-b109fa546007","historyId":"5a1d9668044d80e68b99224e66cb131f","fullName":"Add_To_Cart_FLow_Test.Filter_Products_From_Low_To_High","labels":[{"name":"package","value":"Add_To_Cart_FLow_Test"},{"name":"testClass","value":"Add_To_Cart_FLow_Test"},{"name":"testMethod","value":"Filter_Products_From_Low_To_High"},{"name":"parentSuite","value":"Default Suite"},{"name":"suite","value":"AXIS Task"},{"name":"subSuite","value":"Add_To_Cart_FLow_Test"},{"name":"host","value":"DESKTOP-D2EHA6V"},{"name":"thread","value":"11016@DESKTOP-D2EHA6V.main(1)"},{"name":"framework","value":"testng"},{"name":"language","value":"java"},{"name":"owner","value":"Omar"},{"name":"epic","value":"Add to cart"}],"links":[{"name":"https://omarradwanpop.atlassian.net/projects/SCRUM?selectedItem=com.atlassian.plugins.atlassian-connect-plugin%3Acom.thed.zephyr.je__main-project-page&atlOrigin=eyJpIjoiNGRlNzI0Y2Q5MTczNDVkZTkwN2MzODg5ZjYzOWY4ODMiLCJwIjoiaiJ9#!/v2/testCase/SCRUM-T12/testScript","type":"tms"}],"name":"Filter_Products_From_Low_To_High","status":"broken","statusDetails":{"known":false,"muted":false,"flaky":false,"message":"Error reading JSON field 'Sort_Arrow' from file: Products_List","trace":"java.lang.RuntimeException: Error reading JSON field 'Sort_Arrow' from file: Products_List\r\n\tat Utilities.Json_Data.Get_json_Data(Json_Data.java:31)\r\n\tat Pages.Products_List.<init>(Products_List.java:12)\r\n\tat Pages.Home_Page.Choose_Shoes_Subcategory(Home_Page.java:46)\r\n\tat Add_To_Cart_FLow_Test.Filter_Products_From_Low_To_High(Add_To_Cart_FLow_Test.java:55)\r\n\tat java.base/jdk.internal.reflect.DirectMethodHandleAccessor.invoke(DirectMethodHandleAccessor.java:103)\r\n\tat java.base/java.lang.reflect.Method.invoke(Method.java:580)\r\n\tat org.testng.internal.invokers.MethodInvocationHelper.invokeMethod(MethodInvocationHelper.java:141)\r\n\tat org.testng.internal.invokers.TestInvoker.invokeMethod(TestInvoker.java:687)\r\n\tat org.testng.internal.invokers.TestInvoker.invokeTestMethod(TestInvoker.java:230)\r\n\tat org.testng.internal.invokers.MethodRunner.runInSequence(MethodRunner.java:63)\r\n\tat org.testng.internal.invokers.TestInvoker$MethodInvocationAgent.invoke(TestInvoker.java:995)\r\n\tat org.testng.internal.invokers.TestInvoker.invokeTestMethods(TestInvoker.java:203)\r\n\tat org.testng.internal.invokers.TestMethodWorker.invokeTestMethods(TestMethodWorker.java:154)\r\n\tat org.testng.internal.invokers.TestMethodWorker.run(TestMethodWorker.java:134)\r\n\tat java.base/java.util.ArrayList.forEach(ArrayList.java:1597)\r\n\tat org.testng.TestRunner.privateRun(TestRunner.java:741)\r\n\tat org.testng.TestRunner.run(TestRunner.java:616)\r\n\tat org.testng.SuiteRunner.runTest(SuiteRunner.java:421)\r\n\tat org.testng.SuiteRunner.runSequentially(SuiteRunner.java:413)\r\n\tat org.testng.SuiteRunner.privateRun(SuiteRunner.java:373)\r\n\tat org.testng.SuiteRunner.run(SuiteRunner.java:312)\r\n\tat org.testng.SuiteRunnerWorker.runSuite(SuiteRunnerWorker.java:52)\r\n\tat org.testng.SuiteRunnerWorker.run(SuiteRunnerWorker.java:95)\r\n\tat org.testng.TestNG.runSuitesSequentially(TestNG.java:1274)\r\n\tat org.testng.TestNG.runSuitesLocally(TestNG.java:1208)\r\n\tat org.testng.TestNG.runSuites(TestNG.java:1112)\r\n\tat org.testng.TestNG.run(TestNG.java:1079)\r\n\tat com.intellij.rt.testng.IDEARemoteTestNG.run(IDEARemoteTestNG.java:65)\r\n\tat com.intellij.rt.testng.RemoteTestNGStarter.main(RemoteTestNGStarter.java:105)\r\nCaused by: java.lang.RuntimeException: Field not found: Sort_Arrow\r\n\tat Utilities.Json_Data.Get_json_Data(Json_Data.java:25)\r\n\t... 28 more\r\n"},"stage":"finished","description":"User chooses shoes subcategory","steps":[],"attachments":[],"parameters":[],"start":1763218435428,"stop":1763218440985}