{"uuid":"fb56220c-d7df-4677-9ff0-57b8ee7a506b","historyId":"5bf82eba388b6f4b54b90bbce72f8476","fullName":"Registration_Test.Registration_With_Invalid_Credentials","labels":[{"name":"package","value":"Registration_Test"},{"name":"testClass","value":"Registration_Test"},{"name":"testMethod","value":"Registration_With_Invalid_Credentials"},{"name":"parentSuite","value":"Default Suite"},{"name":"suite","value":"AXIS Task"},{"name":"subSuite","value":"Registration_Test"},{"name":"host","value":"DESKTOP-D2EHA6V"},{"name":"thread","value":"11648@DESKTOP-D2EHA6V.main(1)"},{"name":"framework","value":"testng"},{"name":"language","value":"java"}],"links":[],"name":"Registration_With_Invalid_Credentials","status":"broken","statusDetails":{"known":false,"muted":false,"flaky":false,"message":"Error reading JSON field 'Registration.Alert' from file: Assertions_Locators","trace":"java.lang.RuntimeException: Error reading JSON field 'Registration.Alert' from file: Assertions_Locators\r\n\tat Utilities.Json_Data.Get_json_Data(Json_Data.java:31)\r\n\tat Registration_Test.Registration_With_Invalid_Credentials(Registration_Test.java:36)\r\n\tat java.base/jdk.internal.reflect.DirectMethodHandleAccessor.invoke(DirectMethodHandleAccessor.java:103)\r\n\tat java.base/java.lang.reflect.Method.invoke(Method.java:580)\r\n\tat org.testng.internal.invokers.MethodInvocationHelper.invokeMethod(MethodInvocationHelper.java:141)\r\n\tat org.testng.internal.invokers.TestInvoker.invokeMethod(TestInvoker.java:687)\r\n\tat org.testng.internal.invokers.TestInvoker.invokeTestMethod(TestInvoker.java:230)\r\n\tat org.testng.internal.invokers.MethodRunner.runInSequence(MethodRunner.java:63)\r\n\tat org.testng.internal.invokers.TestInvoker$MethodInvocationAgent.invoke(TestInvoker.java:995)\r\n\tat org.testng.internal.invokers.TestInvoker.invokeTestMethods(TestInvoker.java:203)\r\n\tat org.testng.internal.invokers.TestMethodWorker.invokeTestMethods(TestMethodWorker.java:154)\r\n\tat org.testng.internal.invokers.TestMethodWorker.run(TestMethodWorker.java:134)\r\n\tat java.base/java.util.ArrayList.forEach(ArrayList.java:1597)\r\n\tat org.testng.TestRunner.privateRun(TestRunner.java:741)\r\n\tat org.testng.TestRunner.run(TestRunner.java:616)\r\n\tat org.testng.SuiteRunner.runTest(SuiteRunner.java:421)\r\n\tat org.testng.SuiteRunner.runSequentially(SuiteRunner.java:413)\r\n\tat org.testng.SuiteRunner.privateRun(SuiteRunner.java:373)\r\n\tat org.testng.SuiteRunner.run(SuiteRunner.java:312)\r\n\tat org.testng.SuiteRunnerWorker.runSuite(SuiteRunnerWorker.java:52)\r\n\tat org.testng.SuiteRunnerWorker.run(SuiteRunnerWorker.java:95)\r\n\tat org.testng.TestNG.runSuitesSequentially(TestNG.java:1274)\r\n\tat org.testng.TestNG.runSuitesLocally(TestNG.java:1208)\r\n\tat org.testng.TestNG.runSuites(TestNG.java:1112)\r\n\tat org.testng.TestNG.run(TestNG.java:1079)\r\n\tat com.intellij.rt.testng.IDEARemoteTestNG.run(IDEARemoteTestNG.java:65)\r\n\tat com.intellij.rt.testng.RemoteTestNGStarter.main(RemoteTestNGStarter.java:105)\r\nCaused by: java.lang.RuntimeException: Field not found: Registration.Alert\r\n\tat Utilities.Json_Data.Get_json_Data(Json_Data.java:25)\r\n\t... 26 more\r\n"},"stage":"finished","steps":[],"attachments":[],"parameters":[],"start":1763140643458,"stop":1763140645511}