{"uuid":"fba1847c-67c9-495f-8a1a-6473148a7904","historyId":"ee87e3ad7af1542dc635e438fa55fd2d","fullName":"Add_To_Wishlist_Test.Add_To_Wishlist","labels":[{"name":"package","value":"Add_To_Wishlist_Test"},{"name":"testClass","value":"Add_To_Wishlist_Test"},{"name":"testMethod","value":"Add_To_Wishlist"},{"name":"parentSuite","value":"Default Suite"},{"name":"suite","value":"AXIS Task"},{"name":"subSuite","value":"Add_To_Wishlist_Test"},{"name":"host","value":"DESKTOP-D2EHA6V"},{"name":"thread","value":"20008@DESKTOP-D2EHA6V.main(1)"},{"name":"framework","value":"testng"},{"name":"language","value":"java"},{"name":"owner","value":"Omar"},{"name":"epic","value":"Add to wishlist"}],"links":[{"name":"https://omarradwanpop.atlassian.net/projects/SCRUM?selectedItem=com.atlassian.plugins.atlassian-connect-plugin%3Acom.thed.zephyr.je__main-project-page&atlOrigin=eyJpIjoiNDdiYmE5ZTlhMWI4NDcyYTk2ZGJkODUwMWI1MDEyN2IiLCJwIjoiaiJ9#!/v2/testCase/SCRUM-T5","type":"tms"}],"name":"Add_To_Wishlist","status":"broken","statusDetails":{"known":false,"muted":false,"flaky":false,"message":"Error reading JSON field 'Wishlist.Alert' from file: Assertions_Locators","trace":"java.lang.RuntimeException: Error reading JSON field 'Wishlist.Alert' from file: Assertions_Locators\r\n\tat Utilities.Json_Data.Get_json_Data(Json_Data.java:31)\r\n\tat Add_To_Wishlist_Test.Add_To_Wishlist(Add_To_Wishlist_Test.java:28)\r\n\tat java.base/jdk.internal.reflect.DirectMethodHandleAccessor.invoke(DirectMethodHandleAccessor.java:103)\r\n\tat java.base/java.lang.reflect.Method.invoke(Method.java:580)\r\n\tat org.testng.internal.invokers.MethodInvocationHelper.invokeMethod(MethodInvocationHelper.java:141)\r\n\tat org.testng.internal.invokers.TestInvoker.invokeMethod(TestInvoker.java:687)\r\n\tat org.testng.internal.invokers.TestInvoker.invokeTestMethod(TestInvoker.java:230)\r\n\tat org.testng.internal.invokers.MethodRunner.runInSequence(MethodRunner.java:63)\r\n\tat org.testng.internal.invokers.TestInvoker$MethodInvocationAgent.invoke(TestInvoker.java:995)\r\n\tat org.testng.internal.invokers.TestInvoker.invokeTestMethods(TestInvoker.java:203)\r\n\tat org.testng.internal.invokers.TestMethodWorker.invokeTestMethods(TestMethodWorker.java:154)\r\n\tat org.testng.internal.invokers.TestMethodWorker.run(TestMethodWorker.java:134)\r\n\tat java.base/java.util.ArrayList.forEach(ArrayList.java:1597)\r\n\tat org.testng.TestRunner.privateRun(TestRunner.java:741)\r\n\tat org.testng.TestRunner.run(TestRunner.java:616)\r\n\tat org.testng.SuiteRunner.runTest(SuiteRunner.java:421)\r\n\tat org.testng.SuiteRunner.runSequentially(SuiteRunner.java:413)\r\n\tat org.testng.SuiteRunner.privateRun(SuiteRunner.java:373)\r\n\tat org.testng.SuiteRunner.run(SuiteRunner.java:312)\r\n\tat org.testng.SuiteRunnerWorker.runSuite(SuiteRunnerWorker.java:52)\r\n\tat org.testng.SuiteRunnerWorker.run(SuiteRunnerWorker.java:95)\r\n\tat org.testng.TestNG.runSuitesSequentially(TestNG.java:1274)\r\n\tat org.testng.TestNG.runSuitesLocally(TestNG.java:1208)\r\n\tat org.testng.TestNG.runSuites(TestNG.java:1112)\r\n\tat org.testng.TestNG.run(TestNG.java:1079)\r\n\tat com.intellij.rt.testng.IDEARemoteTestNG.run(IDEARemoteTestNG.java:65)\r\n\tat com.intellij.rt.testng.RemoteTestNGStarter.main(RemoteTestNGStarter.java:105)\r\nCaused by: com.google.gson.JsonSyntaxException: com.google.gson.stream.MalformedJsonException: Expected name at line 15 column 4 path $.Add_To_Cart.Accessories_Subcategory\nSee https://github.com/google/gson/blob/main/Troubleshooting.md#malformed-json\r\n\tat com.google.gson.internal.Streams.parse(Streams.java:58)\r\n\tat com.google.gson.JsonParser.parseReader(JsonParser.java:146)\r\n\tat com.google.gson.JsonParser.parseReader(JsonParser.java:110)\r\n\tat Utilities.Json_Data.Get_json_Data(Json_Data.java:19)\r\n\t... 26 more\r\nCaused by: com.google.gson.stream.MalformedJsonException: Expected name at line 15 column 4 path $.Add_To_Cart.Accessories_Subcategory\nSee https://github.com/google/gson/blob/main/Troubleshooting.md#malformed-json\r\n\tat com.google.gson.stream.JsonReader.syntaxError(JsonReader.java:1800)\r\n\tat com.google.gson.stream.JsonReader.doPeek(JsonReader.java:628)\r\n\tat com.google.gson.stream.JsonReader.hasNext(JsonReader.java:538)\r\n\tat com.google.gson.internal.bind.JsonElementTypeAdapter.read(JsonElementTypeAdapter.java:95)\r\n\tat com.google.gson.internal.bind.JsonElementTypeAdapter.read(JsonElementTypeAdapter.java:35)\r\n\tat com.google.gson.internal.Streams.parse(Streams.java:46)\r\n\t... 29 more\r\n"},"stage":"finished","description":"User can add product to wishlist","steps":[],"attachments":[],"parameters":[],"start":1763221255739,"stop":1763221262238}